<?xml version="1.0" encoding="UTF-8"?>
<!-- Generated by org.testng.reporters.JUnitReportReporter -->
<testsuite hostname="INFOLAP3" failures="0" tests="1" name="Testcases.TS_CRD_5_1" time="65.167" errors="1" timestamp="2025-01-20T18:11:57 IST" skipped="0">
  <testcase classname="Testcases.TS_CRD_5_1" name="TC_UnlockandApproveExperiment" time="65.167">
    <error message="unexpected alert open: {Alert text : JDBC exception executing SQL [ select nbp.UserID from laurusis.crd_experiment exp  join laurusis.crd_notebookprivilege nbp on nbp.ProjectID=exp.ProjectID and nbp.NoteBookID=exp.NoteBookID and nbp.activeflag=&#039;Y&#039;  join laurusis.crd_projectuser  puser on puser.ProjectID = exp.ProjectID and puser.UserID = nbp.UserID and puser.roleid in (11402,11403) where exp.ExperimentID=? and exp.version = ? ] [ERROR: relation &quot;laurusis.crd_experiment&quot; does not exist
  Position: 25] [n/a]; SQL [n/a]}
  (Session info: chrome=132.0.6834.83): JDBC exception executing SQL [ select nbp.UserID from laurusis.crd_experiment exp  join laurusis.crd_notebookprivilege nbp on nbp.ProjectID=exp.ProjectID and nbp.NoteBookID=exp.NoteBookID and nbp.activeflag=&#039;Y&#039;  join laurusis.crd_projectuser  puser on puser.ProjectID = exp.ProjectID and puser.UserID = nbp.UserID and puser.roleid in (11402,11403) where exp.ExperimentID=? and exp.version = ? ] [ERROR: relation &quot;laurusis.crd_experiment&quot; does not exist
  Position: 25] [n/a]; SQL [n/a]
Build info: version: &#039;4.22.0&#039;, revision: &#039;c5f3146703*&#039;
System info: os.name: &#039;Windows 11&#039;, os.arch: &#039;amd64&#039;, os.version: &#039;10.0&#039;, java.version: &#039;22.0.2&#039;
Driver info: org.openqa.selenium.chrome.ChromeDriver
Command: [9e2918801f34df8b3a5c2f65776aeaa2, findElement {using=xpath, value=//h1}]
Capabilities {acceptInsecureCerts: false, browserName: chrome, browserVersion: 132.0.6834.83, chrome: {chromedriverVersion: 132.0.6834.83 (03d59cf5ecf1..., userDataDir: C:\Users\SWATHI~1.BOD\AppDa...}, fedcm:accounts: true, goog:chromeOptions: {debuggerAddress: localhost:64466}, networkConnectionEnabled: false, pageLoadStrategy: normal, platformName: windows, proxy: Proxy(), se:cdp: ws://localhost:64466/devtoo..., se:cdpVersion: 132.0.6834.83, setWindowRect: true, strictFileInteractability: false, timeouts: {implicit: 0, pageLoad: 300000, script: 30000}, unhandledPromptBehavior: dismiss and notify, webauthn:extension:credBlob: true, webauthn:extension:largeBlob: true, webauthn:extension:minPinLength: true, webauthn:extension:prf: true, webauthn:virtualAuthenticators: true}
Session ID: 9e2918801f34df8b3a5c2f65776aeaa2" type="org.openqa.selenium.UnhandledAlertException">
      <![CDATA[org.openqa.selenium.UnhandledAlertException: unexpected alert open: {Alert text : JDBC exception executing SQL [ select nbp.UserID from laurusis.crd_experiment exp  join laurusis.crd_notebookprivilege nbp on nbp.ProjectID=exp.ProjectID and nbp.NoteBookID=exp.NoteBookID and nbp.activeflag='Y'  join laurusis.crd_projectuser  puser on puser.ProjectID = exp.ProjectID and puser.UserID = nbp.UserID and puser.roleid in (11402,11403) where exp.ExperimentID=? and exp.version = ? ] [ERROR: relation "laurusis.crd_experiment" does not exist
  Position: 25] [n/a]; SQL [n/a]}
  (Session info: chrome=132.0.6834.83): JDBC exception executing SQL [ select nbp.UserID from laurusis.crd_experiment exp  join laurusis.crd_notebookprivilege nbp on nbp.ProjectID=exp.ProjectID and nbp.NoteBookID=exp.NoteBookID and nbp.activeflag='Y'  join laurusis.crd_projectuser  puser on puser.ProjectID = exp.ProjectID and puser.UserID = nbp.UserID and puser.roleid in (11402,11403) where exp.ExperimentID=? and exp.version = ? ] [ERROR: relation "laurusis.crd_experiment" does not exist
  Position: 25] [n/a]; SQL [n/a]
Build info: version: '4.22.0', revision: 'c5f3146703*'
System info: os.name: 'Windows 11', os.arch: 'amd64', os.version: '10.0', java.version: '22.0.2'
Driver info: org.openqa.selenium.chrome.ChromeDriver
Command: [9e2918801f34df8b3a5c2f65776aeaa2, findElement {using=xpath, value=//h1}]
Capabilities {acceptInsecureCerts: false, browserName: chrome, browserVersion: 132.0.6834.83, chrome: {chromedriverVersion: 132.0.6834.83 (03d59cf5ecf1..., userDataDir: C:\Users\SWATHI~1.BOD\AppDa...}, fedcm:accounts: true, goog:chromeOptions: {debuggerAddress: localhost:64466}, networkConnectionEnabled: false, pageLoadStrategy: normal, platformName: windows, proxy: Proxy(), se:cdp: ws://localhost:64466/devtoo..., se:cdpVersion: 132.0.6834.83, setWindowRect: true, strictFileInteractability: false, timeouts: {implicit: 0, pageLoad: 300000, script: 30000}, unhandledPromptBehavior: dismiss and notify, webauthn:extension:credBlob: true, webauthn:extension:largeBlob: true, webauthn:extension:minPinLength: true, webauthn:extension:prf: true, webauthn:virtualAuthenticators: true}
Session ID: 9e2918801f34df8b3a5c2f65776aeaa2
at org.openqa.selenium.remote.codec.w3c.W3CHttpResponseCodec.decode(W3CHttpResponseCodec.java:136)
at org.openqa.selenium.remote.codec.w3c.W3CHttpResponseCodec.decode(W3CHttpResponseCodec.java:50)
at org.openqa.selenium.remote.HttpCommandExecutor.execute(HttpCommandExecutor.java:190)
at org.openqa.selenium.remote.service.DriverCommandExecutor.invokeExecute(DriverCommandExecutor.java:216)
at org.openqa.selenium.remote.service.DriverCommandExecutor.execute(DriverCommandExecutor.java:174)
at org.openqa.selenium.remote.RemoteWebDriver.execute(RemoteWebDriver.java:518)
at org.openqa.selenium.remote.ElementLocation$ElementFinder$2.findElement(ElementLocation.java:165)
at org.openqa.selenium.remote.ElementLocation.findElement(ElementLocation.java:59)
at org.openqa.selenium.remote.RemoteWebDriver.findElement(RemoteWebDriver.java:355)
at org.openqa.selenium.remote.RemoteWebDriver.findElement(RemoteWebDriver.java:349)
at Chemia.Project.Creation.PageObject.Project_N_Experiments_Page.getSuccessMessage(Project_N_Experiments_Page.java:761)
at Testcases.TS_CRD_5_1.approveExperiment(TS_CRD_5_1.java:1221)
at Testcases.TS_CRD_5_1.TC_UnlockandApproveExperiment(TS_CRD_5_1.java:1541)
at java.base/jdk.internal.reflect.DirectMethodHandleAccessor.invoke(DirectMethodHandleAccessor.java:103)
at java.base/java.lang.reflect.Method.invoke(Method.java:580)
at org.testng.internal.invokers.MethodInvocationHelper.invokeMethod(MethodInvocationHelper.java:139)
at org.testng.internal.invokers.TestInvoker.invokeMethod(TestInvoker.java:664)
at org.testng.internal.invokers.TestInvoker.invokeTestMethod(TestInvoker.java:228)
at org.testng.internal.invokers.MethodRunner.runInSequence(MethodRunner.java:63)
at org.testng.internal.invokers.TestInvoker$MethodInvocationAgent.invoke(TestInvoker.java:961)
at org.testng.internal.invokers.TestInvoker.invokeTestMethods(TestInvoker.java:201)
at org.testng.internal.invokers.TestMethodWorker.invokeTestMethods(TestMethodWorker.java:148)
at org.testng.internal.invokers.TestMethodWorker.run(TestMethodWorker.java:128)
at java.base/java.util.ArrayList.forEach(ArrayList.java:1597)
at org.testng.TestRunner.privateRun(TestRunner.java:819)
at org.testng.TestRunner.run(TestRunner.java:619)
at org.testng.SuiteRunner.runTest(SuiteRunner.java:443)
at org.testng.SuiteRunner.runSequentially(SuiteRunner.java:437)
at org.testng.SuiteRunner.privateRun(SuiteRunner.java:397)
at org.testng.SuiteRunner.run(SuiteRunner.java:336)
at org.testng.SuiteRunnerWorker.runSuite(SuiteRunnerWorker.java:52)
at org.testng.SuiteRunnerWorker.run(SuiteRunnerWorker.java:95)
at org.testng.TestNG.runSuitesSequentially(TestNG.java:1301)
at org.testng.TestNG.runSuitesLocally(TestNG.java:1228)
at org.testng.TestNG.runSuites(TestNG.java:1134)
at org.testng.TestNG.run(TestNG.java:1101)
at org.testng.remote.AbstractRemoteTestNG.run(AbstractRemoteTestNG.java:115)
at org.testng.remote.RemoteTestNG.initAndRun(RemoteTestNG.java:293)
at org.testng.remote.RemoteTestNG.main(RemoteTestNG.java:91)
]]>
    </error>
  </testcase> <!-- TC_UnlockandApproveExperiment -->
</testsuite> <!-- Testcases.TS_CRD_5_1 -->
